

Logger created..
Category menu viewed
Task menu in Create Category viewed
Priority updated J2EE
Category menu viewed
All category files listed
Category menu viewed
File export successfully done
Category menu viewed

End of access to task manager
 -----------------------------------------------------------------
Logger created..
Logger created..
Category menu viewed
Category menu viewed
End of access to task manager
 -----------------------------------------------------------------

Logger created..
Category menu viewed
File export successfully done
Category menu viewed
Logger created..
Category menu viewed
File export successfully done
Category menu viewed
Logger created..
Category menu viewed
File export successfully done
Category menu viewed
Logger created..
Category menu viewed
File export successfully done
Category menu viewed
End of access to task manager
 -----------------------------------------------------------------

